get: c@u
count: 1
search: -1
get: c@u
count: 3
search: -1
get: >2!@0^3_&_~?$.~
get: ,w6=w&7tun
get: #\|&>#^^':;(;{`
search: -1
get: .?
search: -1
get: ,w6=w&7tun
count: 7
count: 7
get: O5\<Cu$>na-<z=n#^,
search: -1
count: 9
search: 5
get: c@u
get: 88*%)0<_2>:53=
count: 10
get: >2!@0^3_&_~?$.~
count: 10
search: -1
count: 11
get: .?
count: 14
count: 17
get: c@u
count: 17
get: #\|&>#^^':;(;{`
search: -1
search: -1
get: f`{-r?$.y#f*.f=da
search: -1
get: ,w6=w&7tun
search: -1
get: 88*%)0<_2>:53=
get: hbzgnpyaxnsqkkda
get: PCep>Qe},_@\b/qB)kgY
count: 26
count: 29
get: gJ_ZW'Md#\]|dZ.
get: 6A>E11L`V7g?
count: 29
get: f`{-r?$.y#f*.f=da
get: 6<{y
get: U5?\9&YyVH^zX,I
get: k#z2o
get: 6<{y
search: 18
get: miumpcrxvgidfechznx
search: -1
search: 15
search: 18
count: 34
get: EFVIPBZRAOI
count: 34
get: h^d1bq~5>
search: -1
count: 35
get: tk5ky$YwG-4dTL:6
search: 9
get: >2!@0^3_&_~?$.~
count: 36
count: 35
search: -1
get: obo[3:m\k=@^[
search: 2
count: 36
search: 27
count: 37
search: -1
count: 38
get: .?
get: U5?\9&YyVH^zX,I
search: 38
count: 39
search: -1
get: .?
search: 7
search: -1
count: 39
count: 39
get: EFVIPBZRAOI
get: O5\<Cu$>na-<z=n#^,
get: ?|o&-%'h;
search: -1
count: 40
get: <
count: 40
count: 40
count: 42
search: 37
search: 2
count: 45
get: |`PQgIeB/R{Q.c{
search: 31
search: -1
count: 47
count: 47
get: p6T,
search: -1
get: pt
count: 48
count: 48
get: nxsxqqbozitthldfq
search: -1
search: 26
get: miumpcrxvgidfechznx
count: 48
get: JZKDETDCHNHDJWK
search: -1
search: 37
search: 46
get: bawpssvayidoov
count: 48
get: nxsxqqbozitthldfq
search: -1
count: 48
get: bawpssvayidoov
search: -1
search: -1
get: O5\<Cu$>na-<z=n#^,
search: -1
search: 29
get: zl
search: 24
count: 50
count: 51
get: U5?\9&YyVH^zX,I
search: -1
count: 54
count: 54
get: p6T,
get: |cz8:S]Lr+q.MYV
count: 55
search: 23
search: -1
get: bawpssvayidoov
get: gJ_ZW'Md#\]|dZ.
count: 54
get: hbzgnpyaxnsqkkda
get: |cz8:S]Lr+q.MYV
search: 52
get: yybogcfsqmllvtx
get: |`PQgIeB/R{Q.c{
get: <
count: 57
search: 54
search: 29
search: 26
search: -1
get: hbzgnpyaxnsqkkda
search: 31
search: 23
get: QDCXVK
count: 56
get: 0$o
count: 56
get: izizdpizs
get: ZDHH
count: 55
search: -1
count: 55
search: 6
get: 88*%)0<_2>:53=
search: 37
count: 55
search: -1
count: 56
search: -1
count: 56
get: gJ_ZW'Md#\]|dZ.
count: 56
search: -1
get: wrbwuxxlpeexkuvpem
count: 56
get: tk5ky$YwG-4dTL:6
count: 57
get: x5'^d?(t8sd43
search: 34
get: LQUTLN
count: 56
count: 56
count: 56
get: yybogcfsqmllvtx
search: 46
get: ,w6=w&7tun
search: 49
count: 57
search: -1
get: +L>h?6W
get: a#v+_z2)`
count: 56
search: -1
get: @Vo&\BC\o)]qm~LjT(
get: |`PQgIeB/R{Q.c{
get: p6T,
get: |cz8:S]Lr+q.MYV
get: SWWULPKAABAEPDNQ
search: 10
search: 51
count: 55
count: 55
search: 0
get: (>v#Jnr_8E.tG{6X_PsE
count: 54
search: 26
search: -1
get: h^d1bq~5>
count: 55
get: -TUI
count: 55
count: 55
count: 55
search: -1
count: 55
count: 55
search: 19
get: !_8#dR
count: 56
get: h^d1bq~5>
search: 51
count: 57
get: wrbwuxxlpeexkuvpem
search: 49
get: @_+1/-
get: +L>h?6W
count: 57
search: 9
count: 56
search: -1
count: 56
count: 55
get: p6T,
count: 55
get: gkvglmhfyqhkuihomhc
get: gJ_ZW'Md#\]|dZ.
count: 55
get: rgejuvctslcxajl
get: @Vo&\BC\o)]qm~LjT(
get: wrbwuxxlpeexkuvpem
count: 55
get: +L>h?6W
search: 26
get: izizdpizs
search: 38
search: -1
search: -1
search: -1
get: yybogcfsqmllvtx
search: 0
count: 53
search: 14
search: 26
get: gJ_ZW'Md#\]|dZ.
search: 14
search: -1
count: 53
get: izizdpizs
search: -1
count: 53
get: wrbwuxxlpeexkuvpem
get: hbzgnpyaxnsqkkda
get: 6<{y
search: 49
get: x5'^d?(t8sd43
search: 42
get: 0$o
count: 54
search: -1
count: 53
count: 53
count: 53
count: 53
search: -1
get: (>v#Jnr_8E.tG{6X_PsE
count: 55
get: M*m93Qk0VB:!
search: -1
get: |`PQgIeB/R{Q.c{
search: -1
get: QDCXVK
search: 10
search: -1
search: -1
count: 52
search: 15
count: 51
count: 51
count: 51
get: rgejuvctslcxajl
get: hbzgnpyaxnsqkkda
get: IMRAERUP
count: 49
get: pt
count: 49
get: EFVIPBZRAOI
get: @_+1/-
count: 52
count: 52
get: yybogcfsqmllvtx
search: 5
search: -1
get: \'ehs1>lf6f;)9
count: 51
count: 51
search: 10
get: x5'^d?(t8sd43
search: 21
get: &'~l3l]e6={"%\
search: 17
count: 49
get: rgejuvctslcxajl
count: 50
count: 50
search: -1
count: 51
search: 26
get: ZDHH
count: 52
search: -1
count: 52
count: 51
get: 88*%)0<_2>:53=
count: 52
count: 52
get: .?
search: 14
search: -1
count: 52
get: bawpssvayidoov
get: >2!@0^3_&_~?$.~
get: 6<{y
count: 52
get: rgejuvctslcxajl
get: hbzgnpyaxnsqkkda
count: 50
count: 50
search: 9
search: 35
get: yskddbuhd
search: 15
search: -1
count: 48
get: ^{!/~84^-3,2':8?0]]/
get: 88*%)0<_2>:53=
get: <AK=VR7
get: gkvglmhfyqhkuihomhc
count: 49
count: 49
count: 49
get: <AK=VR7
get: #\|&>#^^':;(;{`
count: 48
search: 23
search: 14
get: yskddbuhd
count: 43
get: #\|&>#^^':;(;{`
get: hbzgnpyaxnsqkkda
count: 43
search: 32
get: \'ehs1>lf6f;)9
count: 43
count: 43
count: 43
count: 43
search: 24
search: -1
search: 19
get: rgejuvctslcxajl
get: #1-6&'/5)\)3}!$}23:
count: 43
get: yybogcfsqmllvtx
search: 16
search: 1
search: 40
count: 43
get: -TUI
count: 43
count: 43
search: 28
search: -1
search: -1
get: .?
search: -1
search: 42
get: >2!@0^3_&_~?$.~
get: `
search: -1
count: 43
count: 43
search: -1
get: !_8#dR
count: 45
get: @~"<]*/|[_<:\.}~'^%4
count: 45
get: #\|&>#^^':;(;{`
get: 8[%71SB@INb?
get: QGMXNWK
count: 45
search: -1
search: 5
get: ;/_:..;{
get: wrbwuxxlpeexkuvpem
search: -1
search: -1
get: 8[%71SB@INb?
count: 42
search: -1
count: 42
count: 42
search: -1
count: 43
search: -1
search: -1
search: -1
search: 24
count: 44
get: (>v#Jnr_8E.tG{6X_PsE
count: 43
search: -1
count: 41
search: -1
search: -1
search: 36
count: 42
get: gJ_ZW'Md#\]|dZ.
get: rgejuvctslcxajl
count: 41
get: ^{!/~84^-3,2':8?0]]/
search: -1
count: 41
count: 41
count: 42
search: -1
count: 42
get: ^{!/~84^-3,2':8?0]]/
get: p6T,
search: 23
get: %;
get: EFVIPBZRAOI
get: (>v#Jnr_8E.tG{6X_PsE
search: -1
search: 36
search: -1
get: 2-a[1eh#bsgmep
search: -1
count: 41
search: -1
get: -TUI
search: 21
count: 42
count: 44
search: 37
search: 25
get: JHJHSLDL
count: 44
get: @Vo&\BC\o)]qm~LjT(
search: -1
search: -1
get: 8[%71SB@INb?
get: $6*));%'6%~
get: QDCXVK
get: #1-6&'/5)\)3}!$}23:
get: &'~l3l]e6={"%\
count: 43
get: gkvglmhfyqhkuihomhc
get: QGMXNWK
